# JRE version: Java(TM) SE Runtime Environment (17.0.12+8) (build 17.0.12+8-LTS-286)
# Java VM: Java HotSpot(TM) 64-Bit Server VM (17.0.12+8-LTS-286, mixed mode, sharing, tiered, compressed oops, compressed class ptrs, g1 gc, windows-amd64)
GC Precious Log:
 CPUs: 8 total, 8 available
 Memory: 3531M
 Large Page Support: Disabled
 NUMA Support: Disabled
 Compressed Oops: Enabled (32-bit)
 Heap Region Size: 1M
 Heap Min Capacity: 8M
 Heap Initial Capacity: 56M
 Heap Max Capacity: 884M
 Pre-touch: Disabled
 Parallel Workers: 8
 Concurrent Workers: 2
 Concurrent Refinement Workers: 8
 Periodic GC: Disabled
Heap:
 garbage-first heap   total 55296K, used 7781K [0x00000000c8c00000, 0x0000000100000000)
  region size 1024K, 2 young (2048K), 1 survivors (1024K)
 Metaspace       used 8891K, committed 9088K, reserved 1114112K
  class space    used 950K, committed 1024K, reserved 1048576K
GC Heap History (20 events):
Event: 5.670 GC heap before
{Heap before GC invocations=1 (full 0):
 garbage-first heap   total 57344K, used 43400K [0x00000000c8c00000, 0x0000000100000000)
  region size 1024K, 20 young (20480K), 3 survivors (3072K)
 Metaspace       used 8773K, committed 8960K, reserved 1114112K
  class space    used 949K, committed 1024K, reserved 1048576K
}
Event: 5.677 GC heap after
{Heap after GC invocations=2 (full 0):
 garbage-first heap   total 57344K, used 17081K [0x00000000c8c00000, 0x0000000100000000)
  region size 1024K, 1 young (1024K), 1 survivors (1024K)
 Metaspace       used 8773K, committed 8960K, reserved 1114112K
  class space    used 949K, committed 1024K, reserved 1048576K
}
Event: 6.084 GC heap before
{Heap before GC invocations=2 (full 0):
 garbage-first heap   total 57344K, used 34489K [0x00000000c8c00000, 0x0000000100000000)
  region size 1024K, 11 young (11264K), 1 survivors (1024K)
 Metaspace       used 8786K, committed 8960K, reserved 1114112K
  class space    used 949K, committed 1024K, reserved 1048576K
}
Event: 6.088 GC heap after
{Heap after GC invocations=3 (full 0):
 garbage-first heap   total 57344K, used 14742K [0x00000000c8c00000, 0x0000000100000000)
  region size 1024K, 1 young (1024K), 1 survivors (1024K)
 Metaspace       used 8786K, committed 8960K, reserved 1114112K
  class space    used 949K, committed 1024K, reserved 1048576K
}
Event: 6.545 GC heap before
{Heap before GC invocations=3 (full 0):
 garbage-first heap   total 57344K, used 35222K [0x00000000c8c00000, 0x0000000100000000)
  region size 1024K, 13 young (13312K), 1 survivors (1024K)
 Metaspace       used 8803K, committed 8960K, reserved 1114112K
  class space    used 949K, committed 1024K, reserved 1048576K
}
Event: 6.547 GC heap after
{Heap after GC invocations=4 (full 0):
 garbage-first heap   total 57344K, used 14671K [0x00000000c8c00000, 0x0000000100000000)
  region size 1024K, 1 young (1024K), 1 survivors (1024K)
 Metaspace       used 8803K, committed 8960K, reserved 1114112K
  class space    used 949K, committed 1024K, reserved 1048576K
}
Event: 6.922 GC heap before
{Heap before GC invocations=4 (full 0):
 garbage-first heap   total 57344K, used 36175K [0x00000000c8c00000, 0x0000000100000000)
  region size 1024K, 13 young (13312K), 1 survivors (1024K)
 Metaspace       used 8833K, committed 9024K, reserved 1114112K
  class space    used 949K, committed 1024K, reserved 1048576K
}
Event: 6.926 GC heap after
{Heap after GC invocations=5 (full 0):
 garbage-first heap   total 57344K, used 16723K [0x00000000c8c00000, 0x0000000100000000)
  region size 1024K, 1 young (1024K), 1 survivors (1024K)
 Metaspace       used 8833K, committed 9024K, reserved 1114112K
  class space    used 949K, committed 1024K, reserved 1048576K
}
Event: 7.410 GC heap before
{Heap before GC invocations=5 (full 0):
 garbage-first heap   total 57344K, used 34131K [0x00000000c8c00000, 0x0000000100000000)
  region size 1024K, 11 young (11264K), 1 survivors (1024K)
 Metaspace       used 8840K, committed 9024K, reserved 1114112K
  class space    used 949K, committed 1024K, reserved 1048576K
}
Event: 7.413 GC heap after
{Heap after GC invocations=6 (full 0):
 garbage-first heap   total 57344K, used 14675K [0x00000000c8c00000, 0x0000000100000000)
  region size 1024K, 1 young (1024K), 1 survivors (1024K)
 Metaspace       used 8840K, committed 9024K, reserved 1114112K
  class space    used 949K, committed 1024K, reserved 1048576K
}
Event: 7.939 GC heap before
{Heap before GC invocations=6 (full 0):
 garbage-first heap   total 57344K, used 36179K [0x00000000c8c00000, 0x0000000100000000)
  region size 1024K, 13 young (13312K), 1 survivors (1024K)
 Metaspace       used 8846K, committed 9024K, reserved 1114112K
  class space    used 949K, committed 1024K, reserved 1048576K
}
Event: 7.941 GC heap after
{Heap after GC invocations=7 (full 0):
 garbage-first heap   total 57344K, used 14657K [0x00000000c8c00000, 0x0000000100000000)
  region size 1024K, 1 young (1024K), 1 survivors (1024K)
 Metaspace       used 8846K, committed 9024K, reserved 1114112K
  class space    used 949K, committed 1024K, reserved 1048576K
}
Event: 8.290 GC heap before
{Heap before GC invocations=7 (full 0):
 garbage-first heap   total 57344K, used 35137K [0x00000000c8c00000, 0x0000000100000000)
  region size 1024K, 12 young (12288K), 1 survivors (1024K)
 Metaspace       used 8856K, committed 9024K, reserved 1114112K
  class space    used 949K, committed 1024K, reserved 1048576K
}
Event: 8.292 GC heap after
{Heap after GC invocations=8 (full 0):
 garbage-first heap   total 57344K, used 16721K [0x00000000c8c00000, 0x0000000100000000)
  region size 1024K, 1 young (1024K), 1 survivors (1024K)
 Metaspace       used 8856K, committed 9024K, reserved 1114112K
  class space    used 949K, committed 1024K, reserved 1048576K
}
Event: 8.637 GC heap before
{Heap before GC invocations=8 (full 0):
 garbage-first heap   total 57344K, used 35153K [0x00000000c8c00000, 0x0000000100000000)
  region size 1024K, 12 young (12288K), 1 survivors (1024K)
 Metaspace       used 8863K, committed 9024K, reserved 1114112K
  class space    used 949K, committed 1024K, reserved 1048576K
}
Event: 8.638 GC heap after
{Heap after GC invocations=9 (full 0):
 garbage-first heap   total 57344K, used 14676K [0x00000000c8c00000, 0x0000000100000000)
  region size 1024K, 1 young (1024K), 1 survivors (1024K)
 Metaspace       used 8863K, committed 9024K, reserved 1114112K
  class space    used 949K, committed 1024K, reserved 1048576K
}
Event: 9.313 GC heap before
{Heap before GC invocations=10 (full 0):
 garbage-first heap   total 55296K, used 50516K [0x00000000c8c00000, 0x0000000100000000)
  region size 1024K, 21 young (21504K), 1 survivors (1024K)
 Metaspace       used 8891K, committed 9088K, reserved 1114112K
  class space    used 950K, committed 1024K, reserved 1048576K
}
Event: 9.316 GC heap after
{Heap after GC invocations=11 (full 0):
 garbage-first heap   total 55296K, used 17750K [0x00000000c8c00000, 0x0000000100000000)
  region size 1024K, 1 young (1024K), 1 survivors (1024K)
 Metaspace       used 8891K, committed 9088K, reserved 1114112K
  class space    used 950K, committed 1024K, reserved 1048576K
}
Event: 9.364 GC heap before
{Heap before GC invocations=11 (full 0):
 garbage-first heap   total 55296K, used 17750K [0x00000000c8c00000, 0x0000000100000000)
  region size 1024K, 2 young (2048K), 1 survivors (1024K)
 Metaspace       used 8891K, committed 9088K, reserved 1114112K
  class space    used 950K, committed 1024K, reserved 1048576K
}
Event: 9.366 GC heap after
{Heap after GC invocations=12 (full 0):
 garbage-first heap   total 55296K, used 7781K [0x00000000c8c00000, 0x0000000100000000)
  region size 1024K, 1 young (1024K), 1 survivors (1024K)
 Metaspace       used 8891K, committed 9088K, reserved 1114112K
  class space    used 950K, committed 1024K, reserved 1048576K
}

